<?xml version="1.0" encoding="UTF-8"?>
<testng-results total="5" passed="5" failed="0" skipped="0">
  <reporter-output>
  </reporter-output>
  <suite started-at="2024-07-02T11:06:25Z" name="Test Suite for Buildout" finished-at="2024-07-02T11:07:24Z" duration-ms="58707">
    <groups>
    </groups>
    <test started-at="2024-07-02T11:06:25Z" name="Test Cases for Buildout" finished-at="2024-07-02T11:07:24Z" duration-ms="58707">
      <class name="demo.TestCases">
        <test-method is-config="true" signature="startBrowser()[pri:0, instance:demo.TestCases@17cdf2d0]" started-at="2024-07-02T16:36:25Z" name="startBrowser" finished-at="2024-07-02T16:36:27Z" duration-ms="2020" status="PASS">
          <reporter-output>
          </reporter-output>
        </test-method> <!-- startBrowser -->
        <test-method signature="testCase01()[pri:0, instance:demo.TestCases@17cdf2d0]" started-at="2024-07-02T16:36:27Z" name="testCase01" finished-at="2024-07-02T16:36:34Z" duration-ms="6952" status="PASS">
          <reporter-output>
          </reporter-output>
        </test-method> <!-- testCase01 -->
        <test-method signature="testCase02()[pri:0, instance:demo.TestCases@17cdf2d0]" started-at="2024-07-02T16:36:34Z" name="testCase02" finished-at="2024-07-02T16:36:47Z" duration-ms="13061" status="PASS">
          <reporter-output>
          </reporter-output>
        </test-method> <!-- testCase02 -->
        <test-method signature="testCase03()[pri:0, instance:demo.TestCases@17cdf2d0]" started-at="2024-07-02T16:36:47Z" name="testCase03" finished-at="2024-07-02T16:37:00Z" duration-ms="12073" status="PASS">
          <reporter-output>
          </reporter-output>
        </test-method> <!-- testCase03 -->
        <test-method signature="testCase04()[pri:0, instance:demo.TestCases@17cdf2d0]" started-at="2024-07-02T16:37:00Z" name="testCase04" finished-at="2024-07-02T16:37:12Z" duration-ms="12284" status="PASS">
          <reporter-output>
          </reporter-output>
        </test-method> <!-- testCase04 -->
        <test-method signature="testCase05()[pri:0, instance:demo.TestCases@17cdf2d0]" started-at="2024-07-02T16:37:12Z" name="testCase05" finished-at="2024-07-02T16:37:23Z" duration-ms="11523" status="PASS">
          <reporter-output>
          </reporter-output>
        </test-method> <!-- testCase05 -->
        <test-method is-config="true" signature="endTest()[pri:0, instance:demo.TestCases@17cdf2d0]" started-at="2024-07-02T16:37:23Z" name="endTest" finished-at="2024-07-02T16:37:24Z" duration-ms="790" status="PASS">
          <reporter-output>
          </reporter-output>
        </test-method> <!-- endTest -->
      </class> <!-- demo.TestCases -->
    </test> <!-- Test Cases for Buildout -->
  </suite> <!-- Test Suite for Buildout -->
</testng-results>
